<?xml version="1.0" encoding="UTF-8"?>
<testng-results skipped="0" failed="2" total="2" passed="0">
  <reporter-output>
  </reporter-output>
  <suite name="TestSuite" duration-ms="35103" started-at="2018-05-21T22:07:04Z" finished-at="2018-05-21T22:07:39Z">
    <groups>
    </groups>
    <test name="Team Page Tests" duration-ms="35103" started-at="2018-05-21T22:07:04Z" finished-at="2018-05-21T22:07:39Z">
      <class name="com.branch.tests.TeamPageTests">
        <test-method status="PASS" signature="createReportInstance()[pri:0, instance:com.branch.tests.TeamPageTests@6ad5c04e]" name="createReportInstance" is-config="true" duration-ms="554" started-at="2018-05-21T15:07:03Z" finished-at="2018-05-21T15:07:04Z">
          <reporter-output>
          </reporter-output>
        </test-method> <!-- createReportInstance -->
        <test-method status="PASS" signature="createHTMLReport(org.testng.ITestContext)[pri:0, instance:com.branch.tests.TeamPageTests@6ad5c04e]" name="createHTMLReport" is-config="true" duration-ms="6" started-at="2018-05-21T15:07:04Z" finished-at="2018-05-21T15:07:04Z">
          <params>
            <param index="0">
              <value>
                <![CDATA[org.testng.TestRunner@2ce6c6ec]]>
              </value>
            </param>
          </params>
          <reporter-output>
          </reporter-output>
        </test-method> <!-- createHTMLReport -->
        <test-method status="PASS" signature="getTestName(java.lang.reflect.Method)[pri:0, instance:com.branch.tests.TeamPageTests@6ad5c04e]" name="getTestName" is-config="true" duration-ms="16" started-at="2018-05-21T15:07:04Z" finished-at="2018-05-21T15:07:04Z">
          <params>
            <param index="0">
              <value>
                <![CDATA[public void com.branch.tests.TeamPageTests.verifyEmployeeCountAcrossTabs()]]>
              </value>
            </param>
          </params>
          <reporter-output>
          </reporter-output>
        </test-method> <!-- getTestName -->
        <test-method status="PASS" signature="setUp(java.lang.String)[pri:0, instance:com.branch.tests.TeamPageTests@6ad5c04e]" name="setUp" is-config="true" duration-ms="2728" started-at="2018-05-21T15:07:04Z" finished-at="2018-05-21T15:07:06Z">
          <params>
            <param index="0">
              <value>
                <![CDATA[chrome]]>
              </value>
            </param>
          </params>
          <reporter-output>
          </reporter-output>
        </test-method> <!-- setUp -->
        <test-method status="FAIL" signature="verifyEmployeeCountAcrossTabs()[pri:0, instance:com.branch.tests.TeamPageTests@6ad5c04e]" name="verifyEmployeeCountAcrossTabs" duration-ms="13025" started-at="2018-05-21T15:07:06Z" description="Verify that number of employees match between All tab and sum of other tabs" finished-at="2018-05-21T15:07:19Z">
          <exception class="java.lang.AssertionError">
            <message>
              <![CDATA[Sum of employees in other departments is not equal to the total count of employees in the All Tab expected [true] but found [false]]]>
            </message>
            <full-stacktrace>
              <![CDATA[java.lang.AssertionError: Sum of employees in other departments is not equal to the total count of employees in the All Tab expected [true] but found [false]
	at org.testng.Assert.fail(Assert.java:94)
	at org.testng.Assert.failNotEquals(Assert.java:494)
	at org.testng.Assert.assertTrue(Assert.java:42)
	at com.branch.tests.TeamPageTests.verifyEmployeeCountAcrossTabs(TeamPageTests.java:31)
	at sun.reflect.NativeMethodAccessorImpl.invoke0(Native Method)
	at sun.reflect.NativeMethodAccessorImpl.invoke(NativeMethodAccessorImpl.java:62)
	at sun.reflect.DelegatingMethodAccessorImpl.invoke(DelegatingMethodAccessorImpl.java:43)
	at java.lang.reflect.Method.invoke(Method.java:498)
	at org.testng.internal.MethodInvocationHelper.invokeMethod(MethodInvocationHelper.java:80)
	at org.testng.internal.Invoker.invokeMethod(Invoker.java:714)
	at org.testng.internal.Invoker.invokeTestMethod(Invoker.java:901)
	at org.testng.internal.Invoker.invokeTestMethods(Invoker.java:1231)
	at org.testng.internal.TestMethodWorker.invokeTestMethods(TestMethodWorker.java:127)
	at org.testng.internal.TestMethodWorker.run(TestMethodWorker.java:111)
	at org.testng.TestRunner.privateRun(TestRunner.java:767)
	at org.testng.TestRunner.run(TestRunner.java:617)
	at org.testng.SuiteRunner.runTest(SuiteRunner.java:334)
	at org.testng.SuiteRunner.runSequentially(SuiteRunner.java:329)
	at org.testng.SuiteRunner.privateRun(SuiteRunner.java:291)
	at org.testng.SuiteRunner.run(SuiteRunner.java:240)
	at org.testng.SuiteRunnerWorker.runSuite(SuiteRunnerWorker.java:52)
	at org.testng.SuiteRunnerWorker.run(SuiteRunnerWorker.java:86)
	at org.testng.TestNG.runSuitesSequentially(TestNG.java:1198)
	at org.testng.TestNG.runSuitesLocally(TestNG.java:1123)
	at org.testng.TestNG.run(TestNG.java:1031)
	at com.branch.tests.SuiteRunner.main(SuiteRunner.java:22)
]]>
            </full-stacktrace>
          </exception> <!-- java.lang.AssertionError -->
          <reporter-output>
          </reporter-output>
        </test-method> <!-- verifyEmployeeCountAcrossTabs -->
        <test-method status="PASS" signature="getResults(org.testng.ITestResult)[pri:0, instance:com.branch.tests.TeamPageTests@6ad5c04e]" name="getResults" is-config="true" duration-ms="482" started-at="2018-05-21T15:07:19Z" finished-at="2018-05-21T15:07:20Z">
          <params>
            <param index="0">
              <value>
                <![CDATA[[TestResult name=verifyEmployeeCountAcrossTabs status=FAILURE method=TeamPageTests.verifyEmployeeCountAcrossTabs()[pri:0, instance:com.branch.tests.TeamPageTests@6ad5c04e] output={null}]]]>
              </value>
            </param>
          </params>
          <reporter-output>
          </reporter-output>
        </test-method> <!-- getResults -->
        <test-method status="PASS" signature="tearDown()[pri:0, instance:com.branch.tests.TeamPageTests@6ad5c04e]" name="tearDown" is-config="true" duration-ms="238" started-at="2018-05-21T15:07:20Z" finished-at="2018-05-21T15:07:20Z">
          <reporter-output>
          </reporter-output>
        </test-method> <!-- tearDown -->
        <test-method status="PASS" signature="getTestName(java.lang.reflect.Method)[pri:0, instance:com.branch.tests.TeamPageTests@6ad5c04e]" name="getTestName" is-config="true" duration-ms="1" started-at="2018-05-21T15:07:20Z" finished-at="2018-05-21T15:07:20Z">
          <params>
            <param index="0">
              <value>
                <![CDATA[public void com.branch.tests.TeamPageTests.verifyEmployeeCategorizationInDepartment()]]>
              </value>
            </param>
          </params>
          <reporter-output>
          </reporter-output>
        </test-method> <!-- getTestName -->
        <test-method status="PASS" signature="setUp(java.lang.String)[pri:0, instance:com.branch.tests.TeamPageTests@6ad5c04e]" name="setUp" is-config="true" duration-ms="1282" started-at="2018-05-21T15:07:20Z" finished-at="2018-05-21T15:07:21Z">
          <params>
            <param index="0">
              <value>
                <![CDATA[chrome]]>
              </value>
            </param>
          </params>
          <reporter-output>
          </reporter-output>
        </test-method> <!-- setUp -->
        <test-method status="FAIL" signature="verifyEmployeeCategorizationInDepartment()[pri:0, instance:com.branch.tests.TeamPageTests@6ad5c04e]" name="verifyEmployeeCategorizationInDepartment" duration-ms="17052" started-at="2018-05-21T15:07:21Z" description="Verify employees have the correct departments listed in their profile" finished-at="2018-05-21T15:07:38Z">
          <exception class="java.lang.AssertionError">
            <message>
              <![CDATA[Some employees are not listed under the department tab specified for that employee expected [true] but found [false]]]>
            </message>
            <full-stacktrace>
              <![CDATA[java.lang.AssertionError: Some employees are not listed under the department tab specified for that employee expected [true] but found [false]
	at org.testng.Assert.fail(Assert.java:94)
	at org.testng.Assert.failNotEquals(Assert.java:494)
	at org.testng.Assert.assertTrue(Assert.java:42)
	at com.branch.tests.TeamPageTests.verifyEmployeeCategorizationInDepartment(TeamPageTests.java:72)
	at sun.reflect.NativeMethodAccessorImpl.invoke0(Native Method)
	at sun.reflect.NativeMethodAccessorImpl.invoke(NativeMethodAccessorImpl.java:62)
	at sun.reflect.DelegatingMethodAccessorImpl.invoke(DelegatingMethodAccessorImpl.java:43)
	at java.lang.reflect.Method.invoke(Method.java:498)
	at org.testng.internal.MethodInvocationHelper.invokeMethod(MethodInvocationHelper.java:80)
	at org.testng.internal.Invoker.invokeMethod(Invoker.java:714)
	at org.testng.internal.Invoker.invokeTestMethod(Invoker.java:901)
	at org.testng.internal.Invoker.invokeTestMethods(Invoker.java:1231)
	at org.testng.internal.TestMethodWorker.invokeTestMethods(TestMethodWorker.java:127)
	at org.testng.internal.TestMethodWorker.run(TestMethodWorker.java:111)
	at org.testng.TestRunner.privateRun(TestRunner.java:767)
	at org.testng.TestRunner.run(TestRunner.java:617)
	at org.testng.SuiteRunner.runTest(SuiteRunner.java:334)
	at org.testng.SuiteRunner.runSequentially(SuiteRunner.java:329)
	at org.testng.SuiteRunner.privateRun(SuiteRunner.java:291)
	at org.testng.SuiteRunner.run(SuiteRunner.java:240)
	at org.testng.SuiteRunnerWorker.runSuite(SuiteRunnerWorker.java:52)
	at org.testng.SuiteRunnerWorker.run(SuiteRunnerWorker.java:86)
	at org.testng.TestNG.runSuitesSequentially(TestNG.java:1198)
	at org.testng.TestNG.runSuitesLocally(TestNG.java:1123)
	at org.testng.TestNG.run(TestNG.java:1031)
	at com.branch.tests.SuiteRunner.main(SuiteRunner.java:22)
]]>
            </full-stacktrace>
          </exception> <!-- java.lang.AssertionError -->
          <reporter-output>
          </reporter-output>
        </test-method> <!-- verifyEmployeeCategorizationInDepartment -->
        <test-method status="PASS" signature="getResults(org.testng.ITestResult)[pri:0, instance:com.branch.tests.TeamPageTests@6ad5c04e]" name="getResults" is-config="true" duration-ms="65" started-at="2018-05-21T15:07:38Z" finished-at="2018-05-21T15:07:39Z">
          <params>
            <param index="0">
              <value>
                <![CDATA[[TestResult name=verifyEmployeeCategorizationInDepartment status=FAILURE method=TeamPageTests.verifyEmployeeCategorizationInDepartment()[pri:0, instance:com.branch.tests.TeamPageTests@6ad5c04e] output={null}]]]>
              </value>
            </param>
          </params>
          <reporter-output>
          </reporter-output>
        </test-method> <!-- getResults -->
        <test-method status="PASS" signature="tearDown()[pri:0, instance:com.branch.tests.TeamPageTests@6ad5c04e]" name="tearDown" is-config="true" duration-ms="188" started-at="2018-05-21T15:07:39Z" finished-at="2018-05-21T15:07:39Z">
          <reporter-output>
          </reporter-output>
        </test-method> <!-- tearDown -->
        <test-method status="PASS" signature="endReport()[pri:0, instance:com.branch.tests.TeamPageTests@6ad5c04e]" name="endReport" is-config="true" duration-ms="77" started-at="2018-05-21T15:07:44Z" finished-at="2018-05-21T15:07:44Z">
          <reporter-output>
          </reporter-output>
        </test-method> <!-- endReport -->
        <test-method status="PASS" signature="showHTMLReport()[pri:0, instance:com.branch.tests.TeamPageTests@6ad5c04e]" name="showHTMLReport" is-config="true" duration-ms="2356" started-at="2018-05-21T15:07:44Z" finished-at="2018-05-21T15:07:46Z">
          <reporter-output>
          </reporter-output>
        </test-method> <!-- showHTMLReport -->
      </class> <!-- com.branch.tests.TeamPageTests -->
    </test> <!-- Team Page Tests -->
  </suite> <!-- TestSuite -->
</testng-results>
